  LoadShaders.cpp
C:\Users\Samsung\Desktop\그래픽스\HW6_S20181617\HW6_20181617\Tiger_Texture_PS_GLSL\Shaders\LoadShaders.cpp(11,1): warning C4996:  'fopen': This function or variable may be unsafe. Consider using fopen_s instead. To disable deprecation, use _CRT_SECURE_NO_WARNINGS. See online help for details.
C:\Program Files (x86)\Windows Kits\10\Include\10.0.17763.0\ucrt\stdio.h(208): message :  'fopen' 선언을 참조하십시오.
  Tiger_Texture_PS_GLSL.cpp
  C:\usr\local\OpenGL\include\FreeImage\FreeImage.h: warning C4819: 현재 코드 페이지(949)에서 표시할 수 없는 문자가 파일에 들어 있습니다. 데이터가 손실되지 않게 하려면 해당 파일을 유니코드 형식으로 저장하십시오.
C:\Users\Samsung\Desktop\그래픽스\HW6_S20181617\HW6_20181617\Tiger_Texture_PS_GLSL\my_geom_objects.h(747,6): warning C4101:  'i' :참조되지 않은 지역 변수입니다.
C:\Users\Samsung\Desktop\그래픽스\HW6_S20181617\HW6_20181617\Tiger_Texture_PS_GLSL\my_geom_objects.h(821,6): warning C4101:  'i' :참조되지 않은 지역 변수입니다.
C:\Users\Samsung\Desktop\그래픽스\HW6_S20181617\HW6_20181617\Tiger_Texture_PS_GLSL\my_geom_objects.h(895,6): warning C4101:  'i' :참조되지 않은 지역 변수입니다.
C:\Users\Samsung\Desktop\그래픽스\HW6_S20181617\HW6_20181617\Tiger_Texture_PS_GLSL\my_geom_objects.h(952,6): warning C4101:  'i' :참조되지 않은 지역 변수입니다.
C:\Users\Samsung\Desktop\그래픽스\HW6_S20181617\HW6_20181617\Tiger_Texture_PS_GLSL\my_geom_objects.h(1026,6): warning C4101:  'i' :참조되지 않은 지역 변수입니다.
C:\Users\Samsung\Desktop\그래픽스\HW6_S20181617\HW6_20181617\Tiger_Texture_PS_GLSL\my_geom_objects.h(1099,6): warning C4101:  'i' :참조되지 않은 지역 변수입니다.
C:\Users\Samsung\Desktop\그래픽스\HW6_S20181617\HW6_20181617\Tiger_Texture_PS_GLSL\my_geom_objects.h(1173,6): warning C4101:  'i' :참조되지 않은 지역 변수입니다.
C:\Users\Samsung\Desktop\그래픽스\HW6_S20181617\HW6_20181617\Tiger_Texture_PS_GLSL\my_geom_objects.h(1299,6): warning C4101:  'i' :참조되지 않은 지역 변수입니다.
C:\Users\Samsung\Desktop\그래픽스\HW6_S20181617\HW6_20181617\Tiger_Texture_PS_GLSL\Tiger_Texture_PS_GLSL.cpp(360,20): warning C4305:  '+=': 'double'에서 'float'(으)로 잘립니다.
C:\Users\Samsung\Desktop\그래픽스\HW6_S20181617\HW6_20181617\Tiger_Texture_PS_GLSL\Tiger_Texture_PS_GLSL.cpp(363,20): warning C4305:  '-=': 'double'에서 'float'(으)로 잘립니다.
C:\Users\Samsung\Desktop\그래픽스\HW6_S20181617\HW6_20181617\Tiger_Texture_PS_GLSL\Tiger_Texture_PS_GLSL.cpp(366,20): warning C4305:  '-=': 'double'에서 'float'(으)로 잘립니다.
C:\Users\Samsung\Desktop\그래픽스\HW6_S20181617\HW6_20181617\Tiger_Texture_PS_GLSL\Tiger_Texture_PS_GLSL.cpp(369,20): warning C4305:  '+=': 'double'에서 'float'(으)로 잘립니다.
C:\Users\Samsung\Desktop\그래픽스\HW6_S20181617\HW6_20181617\Tiger_Texture_PS_GLSL\Tiger_Texture_PS_GLSL.cpp(443,19): warning C4305:  '+=': 'double'에서 'float'(으)로 잘립니다.
C:\Users\Samsung\Desktop\그래픽스\HW6_S20181617\HW6_20181617\Tiger_Texture_PS_GLSL\Tiger_Texture_PS_GLSL.cpp(503,18): warning C4305:  '+=': 'double'에서 'float'(으)로 잘립니다.
C:\Users\Samsung\Desktop\그래픽스\HW6_S20181617\HW6_20181617\Tiger_Texture_PS_GLSL\Tiger_Texture_PS_GLSL.cpp(533,23): warning C4305:  '+=': 'double'에서 'float'(으)로 잘립니다.
C:\Users\Samsung\Desktop\그래픽스\HW6_S20181617\HW6_20181617\Tiger_Texture_PS_GLSL\Tiger_Texture_PS_GLSL.cpp(577,45): warning C4244:  '=': 'unsigned int'에서 'float'(으)로 변환하면서 데이터가 손실될 수 있습니다.
  Tiger_Texture_PS_GLSL.vcxproj -> C:\Users\Samsung\Desktop\그래픽스\HW6_S20181617\HW6_20181617\Debug\Tiger_Texture_PS_GLSL.exe
